<?xml version="1.0" encoding="UTF-8"?>
<testng-results skipped="0" failed="0" total="1" passed="1">
  <reporter-output>
  </reporter-output>
  <suite name="Default suite" duration-ms="13615" started-at="2017-08-08T13:15:05Z" finished-at="2017-08-08T13:15:19Z">
    <groups>
    </groups>
    <test name="Default test" duration-ms="13615" started-at="2017-08-08T13:15:05Z" finished-at="2017-08-08T13:15:19Z">
      <class name="registration.FacebookPage">
        <test-method status="PASS" signature="TC001()[pri:0, instance:registration.FacebookPage@148080bb]" name="TC001" duration-ms="13591" started-at="2017-08-08T18:45:05Z" finished-at="2017-08-08T18:45:19Z">
          <reporter-output>
          </reporter-output>
        </test-method> <!-- TC001 -->
      </class> <!-- registration.FacebookPage -->
    </test> <!-- Default test -->
  </suite> <!-- Default suite -->
</testng-results>
